<?xml version="1.0" encoding="UTF-8"?>
<!-- Generated by org.testng.reporters.JUnitReportReporter -->
<testsuite hostname="LAPTOP-KFM2KDI1" failures="0" tests="1" name="Test.LoginTest" time="15.582" errors="0" timestamp="2024-04-08T14:50:32 IST" skipped="0">
  <testcase classname="Test.LoginTest" name="testLoginWithValidCredentials" time="15.582"/>
  <system-out/>
</testsuite> <!-- Test.LoginTest -->
