<?xml version="1.0" encoding="UTF-8"?>
<!-- Generated by org.testng.reporters.JUnitReportReporter -->
<testsuite hostname="LAPTOP-KFM2KDI1" failures="0" tests="1" name="Test.LoginInvalidTest" time="4.351" errors="0" timestamp="2024-04-08T15:56:23 IST" skipped="0">
  <testcase classname="Test.LoginInvalidTest" name="testLoginWithInvalidCredentials" time="4.351"/>
  <system-out/>
</testsuite> <!-- Test.LoginInvalidTest -->
